<?xml version="1.0" encoding="UTF-8"?>
<testsuite xmlns:xsi="http://www.w3.org/2001/XMLSchema-instance" xsi:noNamespaceSchemaLocation="https://maven.apache.org/surefire/maven-surefire-plugin/xsd/surefire-test-report.xsd" name="com.madhu.spring.tasks.TasksApplicationTests" time="22.131" tests="1" errors="0" skipped="0" failures="0">
  <properties>
    <property name="awt.toolkit" value="sun.lwawt.macosx.LWCToolkit"/>
    <property name="java.specification.version" value="12"/>
    <property name="sun.jnu.encoding" value="UTF-8"/>
    <property name="java.class.path" value="/Users/Madhu/GitProjects/TasksApplication/target/test-classes:/Users/Madhu/GitProjects/TasksApplication/target/classes:/Users/Madhu/.m2/repository/org/springframework/boot/spring-boot-starter-actuator/2.2.2.RELEASE/spring-boot-starter-actuator-2.2.2.RELEASE.jar:/Users/Madhu/.m2/repository/org/springframework/boot/spring-boot-starter/2.2.2.RELEASE/spring-boot-starter-2.2.2.RELEASE.jar:/Users/Madhu/.m2/repository/org/springframework/boot/spring-boot-starter-logging/2.2.2.RELEASE/spring-boot-starter-logging-2.2.2.RELEASE.jar:/Users/Madhu/.m2/repository/ch/qos/logback/logback-classic/1.2.3/logback-classic-1.2.3.jar:/Users/Madhu/.m2/repository/ch/qos/logback/logback-core/1.2.3/logback-core-1.2.3.jar:/Users/Madhu/.m2/repository/org/apache/logging/log4j/log4j-to-slf4j/2.12.1/log4j-to-slf4j-2.12.1.jar:/Users/Madhu/.m2/repository/org/apache/logging/log4j/log4j-api/2.12.1/log4j-api-2.12.1.jar:/Users/Madhu/.m2/repository/org/slf4j/jul-to-slf4j/1.7.29/jul-to-slf4j-1.7.29.jar:/Users/Madhu/.m2/repository/jakarta/annotation/jakarta.annotation-api/1.3.5/jakarta.annotation-api-1.3.5.jar:/Users/Madhu/.m2/repository/org/yaml/snakeyaml/1.25/snakeyaml-1.25.jar:/Users/Madhu/.m2/repository/org/springframework/boot/spring-boot-actuator-autoconfigure/2.2.2.RELEASE/spring-boot-actuator-autoconfigure-2.2.2.RELEASE.jar:/Users/Madhu/.m2/repository/org/springframework/boot/spring-boot-actuator/2.2.2.RELEASE/spring-boot-actuator-2.2.2.RELEASE.jar:/Users/Madhu/.m2/repository/com/fasterxml/jackson/core/jackson-databind/2.10.1/jackson-databind-2.10.1.jar:/Users/Madhu/.m2/repository/com/fasterxml/jackson/core/jackson-annotations/2.10.1/jackson-annotations-2.10.1.jar:/Users/Madhu/.m2/repository/com/fasterxml/jackson/core/jackson-core/2.10.1/jackson-core-2.10.1.jar:/Users/Madhu/.m2/repository/org/springframework/spring-context/5.2.2.RELEASE/spring-context-5.2.2.RELEASE.jar:/Users/Madhu/.m2/repository/com/fasterxml/jackson/datatype/jackson-datatype-jsr310/2.10.1/jackson-datatype-jsr310-2.10.1.jar:/Users/Madhu/.m2/repository/io/micrometer/micrometer-core/1.3.1/micrometer-core-1.3.1.jar:/Users/Madhu/.m2/repository/org/hdrhistogram/HdrHistogram/2.1.11/HdrHistogram-2.1.11.jar:/Users/Madhu/.m2/repository/org/latencyutils/LatencyUtils/2.0.3/LatencyUtils-2.0.3.jar:/Users/Madhu/.m2/repository/org/springframework/boot/spring-boot-starter-data-jpa/2.2.2.RELEASE/spring-boot-starter-data-jpa-2.2.2.RELEASE.jar:/Users/Madhu/.m2/repository/org/springframework/boot/spring-boot-starter-aop/2.2.2.RELEASE/spring-boot-starter-aop-2.2.2.RELEASE.jar:/Users/Madhu/.m2/repository/org/springframework/spring-aop/5.2.2.RELEASE/spring-aop-5.2.2.RELEASE.jar:/Users/Madhu/.m2/repository/org/aspectj/aspectjweaver/1.9.5/aspectjweaver-1.9.5.jar:/Users/Madhu/.m2/repository/org/springframework/boot/spring-boot-starter-jdbc/2.2.2.RELEASE/spring-boot-starter-jdbc-2.2.2.RELEASE.jar:/Users/Madhu/.m2/repository/com/zaxxer/HikariCP/3.4.1/HikariCP-3.4.1.jar:/Users/Madhu/.m2/repository/org/springframework/spring-jdbc/5.2.2.RELEASE/spring-jdbc-5.2.2.RELEASE.jar:/Users/Madhu/.m2/repository/jakarta/activation/jakarta.activation-api/1.2.1/jakarta.activation-api-1.2.1.jar:/Users/Madhu/.m2/repository/jakarta/persistence/jakarta.persistence-api/2.2.3/jakarta.persistence-api-2.2.3.jar:/Users/Madhu/.m2/repository/jakarta/transaction/jakarta.transaction-api/1.3.3/jakarta.transaction-api-1.3.3.jar:/Users/Madhu/.m2/repository/org/hibernate/hibernate-core/5.4.9.Final/hibernate-core-5.4.9.Final.jar:/Users/Madhu/.m2/repository/org/jboss/logging/jboss-logging/3.4.1.Final/jboss-logging-3.4.1.Final.jar:/Users/Madhu/.m2/repository/org/javassist/javassist/3.24.0-GA/javassist-3.24.0-GA.jar:/Users/Madhu/.m2/repository/net/bytebuddy/byte-buddy/1.10.4/byte-buddy-1.10.4.jar:/Users/Madhu/.m2/repository/antlr/antlr/2.7.7/antlr-2.7.7.jar:/Users/Madhu/.m2/repository/org/jboss/jandex/2.1.1.Final/jandex-2.1.1.Final.jar:/Users/Madhu/.m2/repository/com/fasterxml/classmate/1.5.1/classmate-1.5.1.jar:/Users/Madhu/.m2/repository/org/dom4j/dom4j/2.1.1/dom4j-2.1.1.jar:/Users/Madhu/.m2/repository/org/hibernate/common/hibernate-commons-annotations/5.1.0.Final/hibernate-commons-annotations-5.1.0.Final.jar:/Users/Madhu/.m2/repository/org/glassfish/jaxb/jaxb-runtime/2.3.2/jaxb-runtime-2.3.2.jar:/Users/Madhu/.m2/repository/org/glassfish/jaxb/txw2/2.3.2/txw2-2.3.2.jar:/Users/Madhu/.m2/repository/com/sun/istack/istack-commons-runtime/3.0.8/istack-commons-runtime-3.0.8.jar:/Users/Madhu/.m2/repository/org/jvnet/staxex/stax-ex/1.8.1/stax-ex-1.8.1.jar:/Users/Madhu/.m2/repository/com/sun/xml/fastinfoset/FastInfoset/1.2.16/FastInfoset-1.2.16.jar:/Users/Madhu/.m2/repository/org/springframework/data/spring-data-jpa/2.2.3.RELEASE/spring-data-jpa-2.2.3.RELEASE.jar:/Users/Madhu/.m2/repository/org/springframework/data/spring-data-commons/2.2.3.RELEASE/spring-data-commons-2.2.3.RELEASE.jar:/Users/Madhu/.m2/repository/org/springframework/spring-orm/5.2.2.RELEASE/spring-orm-5.2.2.RELEASE.jar:/Users/Madhu/.m2/repository/org/springframework/spring-tx/5.2.2.RELEASE/spring-tx-5.2.2.RELEASE.jar:/Users/Madhu/.m2/repository/org/springframework/spring-beans/5.2.2.RELEASE/spring-beans-5.2.2.RELEASE.jar:/Users/Madhu/.m2/repository/org/slf4j/slf4j-api/1.7.29/slf4j-api-1.7.29.jar:/Users/Madhu/.m2/repository/org/springframework/spring-aspects/5.2.2.RELEASE/spring-aspects-5.2.2.RELEASE.jar:/Users/Madhu/.m2/repository/org/springframework/boot/spring-boot-starter-web/2.2.2.RELEASE/spring-boot-starter-web-2.2.2.RELEASE.jar:/Users/Madhu/.m2/repository/org/springframework/boot/spring-boot-starter-json/2.2.2.RELEASE/spring-boot-starter-json-2.2.2.RELEASE.jar:/Users/Madhu/.m2/repository/com/fasterxml/jackson/datatype/jackson-datatype-jdk8/2.10.1/jackson-datatype-jdk8-2.10.1.jar:/Users/Madhu/.m2/repository/com/fasterxml/jackson/module/jackson-module-parameter-names/2.10.1/jackson-module-parameter-names-2.10.1.jar:/Users/Madhu/.m2/repository/org/springframework/boot/spring-boot-starter-tomcat/2.2.2.RELEASE/spring-boot-starter-tomcat-2.2.2.RELEASE.jar:/Users/Madhu/.m2/repository/org/apache/tomcat/embed/tomcat-embed-core/9.0.29/tomcat-embed-core-9.0.29.jar:/Users/Madhu/.m2/repository/org/apache/tomcat/embed/tomcat-embed-el/9.0.29/tomcat-embed-el-9.0.29.jar:/Users/Madhu/.m2/repository/org/apache/tomcat/embed/tomcat-embed-websocket/9.0.29/tomcat-embed-websocket-9.0.29.jar:/Users/Madhu/.m2/repository/org/springframework/boot/spring-boot-starter-validation/2.2.2.RELEASE/spring-boot-starter-validation-2.2.2.RELEASE.jar:/Users/Madhu/.m2/repository/jakarta/validation/jakarta.validation-api/2.0.1/jakarta.validation-api-2.0.1.jar:/Users/Madhu/.m2/repository/org/hibernate/validator/hibernate-validator/6.0.18.Final/hibernate-validator-6.0.18.Final.jar:/Users/Madhu/.m2/repository/org/springframework/spring-web/5.2.2.RELEASE/spring-web-5.2.2.RELEASE.jar:/Users/Madhu/.m2/repository/org/springframework/spring-webmvc/5.2.2.RELEASE/spring-webmvc-5.2.2.RELEASE.jar:/Users/Madhu/.m2/repository/org/springframework/spring-expression/5.2.2.RELEASE/spring-expression-5.2.2.RELEASE.jar:/Users/Madhu/.m2/repository/de/codecentric/spring-boot-admin-starter-server/2.2.1/spring-boot-admin-starter-server-2.2.1.jar:/Users/Madhu/.m2/repository/de/codecentric/spring-boot-admin-server/2.2.1/spring-boot-admin-server-2.2.1.jar:/Users/Madhu/.m2/repository/org/springframework/boot/spring-boot-starter-webflux/2.2.2.RELEASE/spring-boot-starter-webflux-2.2.2.RELEASE.jar:/Users/Madhu/.m2/repository/org/springframework/boot/spring-boot-starter-reactor-netty/2.2.2.RELEASE/spring-boot-starter-reactor-netty-2.2.2.RELEASE.jar:/Users/Madhu/.m2/repository/io/projectreactor/netty/reactor-netty/0.9.2.RELEASE/reactor-netty-0.9.2.RELEASE.jar:/Users/Madhu/.m2/repository/io/netty/netty-codec-http/4.1.43.Final/netty-codec-http-4.1.43.Final.jar:/Users/Madhu/.m2/repository/io/netty/netty-common/4.1.43.Final/netty-common-4.1.43.Final.jar:/Users/Madhu/.m2/repository/io/netty/netty-buffer/4.1.43.Final/netty-buffer-4.1.43.Final.jar:/Users/Madhu/.m2/repository/io/netty/netty-transport/4.1.43.Final/netty-transport-4.1.43.Final.jar:/Users/Madhu/.m2/repository/io/netty/netty-resolver/4.1.43.Final/netty-resolver-4.1.43.Final.jar:/Users/Madhu/.m2/repository/io/netty/netty-codec/4.1.43.Final/netty-codec-4.1.43.Final.jar:/Users/Madhu/.m2/repository/io/netty/netty-codec-http2/4.1.43.Final/netty-codec-http2-4.1.43.Final.jar:/Users/Madhu/.m2/repository/io/netty/netty-handler/4.1.43.Final/netty-handler-4.1.43.Final.jar:/Users/Madhu/.m2/repository/io/netty/netty-handler-proxy/4.1.43.Final/netty-handler-proxy-4.1.43.Final.jar:/Users/Madhu/.m2/repository/io/netty/netty-codec-socks/4.1.43.Final/netty-codec-socks-4.1.43.Final.jar:/Users/Madhu/.m2/repository/io/netty/netty-transport-native-epoll/4.1.43.Final/netty-transport-native-epoll-4.1.43.Final-linux-x86_64.jar:/Users/Madhu/.m2/repository/io/netty/netty-transport-native-unix-common/4.1.43.Final/netty-transport-native-unix-common-4.1.43.Final.jar:/Users/Madhu/.m2/repository/org/glassfish/jakarta.el/3.0.3/jakarta.el-3.0.3.jar:/Users/Madhu/.m2/repository/org/springframework/spring-webflux/5.2.2.RELEASE/spring-webflux-5.2.2.RELEASE.jar:/Users/Madhu/.m2/repository/org/synchronoss/cloud/nio-multipart-parser/1.1.0/nio-multipart-parser-1.1.0.jar:/Users/Madhu/.m2/repository/org/synchronoss/cloud/nio-stream-storage/1.1.3/nio-stream-storage-1.1.3.jar:/Users/Madhu/.m2/repository/org/springframework/boot/spring-boot-starter-thymeleaf/2.2.2.RELEASE/spring-boot-starter-thymeleaf-2.2.2.RELEASE.jar:/Users/Madhu/.m2/repository/org/thymeleaf/thymeleaf-spring5/3.0.11.RELEASE/thymeleaf-spring5-3.0.11.RELEASE.jar:/Users/Madhu/.m2/repository/org/thymeleaf/thymeleaf/3.0.11.RELEASE/thymeleaf-3.0.11.RELEASE.jar:/Users/Madhu/.m2/repository/org/attoparser/attoparser/2.0.5.RELEASE/attoparser-2.0.5.RELEASE.jar:/Users/Madhu/.m2/repository/org/unbescape/unbescape/1.1.6.RELEASE/unbescape-1.1.6.RELEASE.jar:/Users/Madhu/.m2/repository/org/thymeleaf/extras/thymeleaf-extras-java8time/3.0.4.RELEASE/thymeleaf-extras-java8time-3.0.4.RELEASE.jar:/Users/Madhu/.m2/repository/io/projectreactor/addons/reactor-extra/3.3.1.RELEASE/reactor-extra-3.3.1.RELEASE.jar:/Users/Madhu/.m2/repository/io/projectreactor/reactor-core/3.3.1.RELEASE/reactor-core-3.3.1.RELEASE.jar:/Users/Madhu/.m2/repository/org/reactivestreams/reactive-streams/1.0.3/reactive-streams-1.0.3.jar:/Users/Madhu/.m2/repository/de/codecentric/spring-boot-admin-server-ui/2.2.1/spring-boot-admin-server-ui-2.2.1.jar:/Users/Madhu/.m2/repository/de/codecentric/spring-boot-admin-server-cloud/2.2.1/spring-boot-admin-server-cloud-2.2.1.jar:/Users/Madhu/.m2/repository/org/springframework/boot/spring-boot-devtools/2.2.2.RELEASE/spring-boot-devtools-2.2.2.RELEASE.jar:/Users/Madhu/.m2/repository/org/springframework/boot/spring-boot/2.2.2.RELEASE/spring-boot-2.2.2.RELEASE.jar:/Users/Madhu/.m2/repository/org/springframework/boot/spring-boot-autoconfigure/2.2.2.RELEASE/spring-boot-autoconfigure-2.2.2.RELEASE.jar:/Users/Madhu/.m2/repository/com/h2database/h2/1.4.199/h2-1.4.199.jar:/Users/Madhu/.m2/repository/org/projectlombok/lombok/1.18.10/lombok-1.18.10.jar:/Users/Madhu/.m2/repository/org/springframework/boot/spring-boot-starter-test/2.2.2.RELEASE/spring-boot-starter-test-2.2.2.RELEASE.jar:/Users/Madhu/.m2/repository/org/springframework/boot/spring-boot-test/2.2.2.RELEASE/spring-boot-test-2.2.2.RELEASE.jar:/Users/Madhu/.m2/repository/org/springframework/boot/spring-boot-test-autoconfigure/2.2.2.RELEASE/spring-boot-test-autoconfigure-2.2.2.RELEASE.jar:/Users/Madhu/.m2/repository/com/jayway/jsonpath/json-path/2.4.0/json-path-2.4.0.jar:/Users/Madhu/.m2/repository/net/minidev/json-smart/2.3/json-smart-2.3.jar:/Users/Madhu/.m2/repository/net/minidev/accessors-smart/1.2/accessors-smart-1.2.jar:/Users/Madhu/.m2/repository/org/ow2/asm/asm/5.0.4/asm-5.0.4.jar:/Users/Madhu/.m2/repository/jakarta/xml/bind/jakarta.xml.bind-api/2.3.2/jakarta.xml.bind-api-2.3.2.jar:/Users/Madhu/.m2/repository/org/junit/jupiter/junit-jupiter/5.5.2/junit-jupiter-5.5.2.jar:/Users/Madhu/.m2/repository/org/junit/jupiter/junit-jupiter-api/5.5.2/junit-jupiter-api-5.5.2.jar:/Users/Madhu/.m2/repository/org/apiguardian/apiguardian-api/1.1.0/apiguardian-api-1.1.0.jar:/Users/Madhu/.m2/repository/org/opentest4j/opentest4j/1.2.0/opentest4j-1.2.0.jar:/Users/Madhu/.m2/repository/org/junit/platform/junit-platform-commons/1.5.2/junit-platform-commons-1.5.2.jar:/Users/Madhu/.m2/repository/org/junit/jupiter/junit-jupiter-params/5.5.2/junit-jupiter-params-5.5.2.jar:/Users/Madhu/.m2/repository/org/junit/jupiter/junit-jupiter-engine/5.5.2/junit-jupiter-engine-5.5.2.jar:/Users/Madhu/.m2/repository/org/junit/platform/junit-platform-engine/1.5.2/junit-platform-engine-1.5.2.jar:/Users/Madhu/.m2/repository/org/mockito/mockito-junit-jupiter/3.1.0/mockito-junit-jupiter-3.1.0.jar:/Users/Madhu/.m2/repository/org/assertj/assertj-core/3.13.2/assertj-core-3.13.2.jar:/Users/Madhu/.m2/repository/org/hamcrest/hamcrest/2.1/hamcrest-2.1.jar:/Users/Madhu/.m2/repository/org/mockito/mockito-core/3.1.0/mockito-core-3.1.0.jar:/Users/Madhu/.m2/repository/net/bytebuddy/byte-buddy-agent/1.10.4/byte-buddy-agent-1.10.4.jar:/Users/Madhu/.m2/repository/org/objenesis/objenesis/2.6/objenesis-2.6.jar:/Users/Madhu/.m2/repository/org/skyscreamer/jsonassert/1.5.0/jsonassert-1.5.0.jar:/Users/Madhu/.m2/repository/com/vaadin/external/google/android-json/0.0.20131108.vaadin1/android-json-0.0.20131108.vaadin1.jar:/Users/Madhu/.m2/repository/org/springframework/spring-core/5.2.2.RELEASE/spring-core-5.2.2.RELEASE.jar:/Users/Madhu/.m2/repository/org/springframework/spring-jcl/5.2.2.RELEASE/spring-jcl-5.2.2.RELEASE.jar:/Users/Madhu/.m2/repository/org/springframework/spring-test/5.2.2.RELEASE/spring-test-5.2.2.RELEASE.jar:/Users/Madhu/.m2/repository/org/xmlunit/xmlunit-core/2.6.3/xmlunit-core-2.6.3.jar:"/>
    <property name="java.vm.vendor" value="AdoptOpenJDK"/>
    <property name="sun.arch.data.model" value="64"/>
    <property name="java.vendor.url" value="https://adoptopenjdk.net/"/>
    <property name="os.name" value="Mac OS X"/>
    <property name="java.vm.specification.version" value="12"/>
    <property name="sun.java.launcher" value="SUN_STANDARD"/>
    <property name="user.country" value="US"/>
    <property name="sun.boot.library.path" value="/Library/Java/JavaVirtualMachines/openjdk12/Contents/Home/lib"/>
    <property name="sun.java.command" value="/Users/Madhu/GitProjects/TasksApplication/target/surefire/surefirebooter13073168490815850307.jar /Users/Madhu/GitProjects/TasksApplication/target/surefire 2020-01-17T06-42-56_724-jvmRun1 surefire2097551277697530023tmp surefire_012497421954295487388tmp"/>
    <property name="http.nonProxyHosts" value="local|*.local|169.254/16|*.169.254/16"/>
    <property name="jdk.debug" value="release"/>
    <property name="surefire.test.class.path" value="/Users/Madhu/GitProjects/TasksApplication/target/test-classes:/Users/Madhu/GitProjects/TasksApplication/target/classes:/Users/Madhu/.m2/repository/org/springframework/boot/spring-boot-starter-actuator/2.2.2.RELEASE/spring-boot-starter-actuator-2.2.2.RELEASE.jar:/Users/Madhu/.m2/repository/org/springframework/boot/spring-boot-starter/2.2.2.RELEASE/spring-boot-starter-2.2.2.RELEASE.jar:/Users/Madhu/.m2/repository/org/springframework/boot/spring-boot-starter-logging/2.2.2.RELEASE/spring-boot-starter-logging-2.2.2.RELEASE.jar:/Users/Madhu/.m2/repository/ch/qos/logback/logback-classic/1.2.3/logback-classic-1.2.3.jar:/Users/Madhu/.m2/repository/ch/qos/logback/logback-core/1.2.3/logback-core-1.2.3.jar:/Users/Madhu/.m2/repository/org/apache/logging/log4j/log4j-to-slf4j/2.12.1/log4j-to-slf4j-2.12.1.jar:/Users/Madhu/.m2/repository/org/apache/logging/log4j/log4j-api/2.12.1/log4j-api-2.12.1.jar:/Users/Madhu/.m2/repository/org/slf4j/jul-to-slf4j/1.7.29/jul-to-slf4j-1.7.29.jar:/Users/Madhu/.m2/repository/jakarta/annotation/jakarta.annotation-api/1.3.5/jakarta.annotation-api-1.3.5.jar:/Users/Madhu/.m2/repository/org/yaml/snakeyaml/1.25/snakeyaml-1.25.jar:/Users/Madhu/.m2/repository/org/springframework/boot/spring-boot-actuator-autoconfigure/2.2.2.RELEASE/spring-boot-actuator-autoconfigure-2.2.2.RELEASE.jar:/Users/Madhu/.m2/repository/org/springframework/boot/spring-boot-actuator/2.2.2.RELEASE/spring-boot-actuator-2.2.2.RELEASE.jar:/Users/Madhu/.m2/repository/com/fasterxml/jackson/core/jackson-databind/2.10.1/jackson-databind-2.10.1.jar:/Users/Madhu/.m2/repository/com/fasterxml/jackson/core/jackson-annotations/2.10.1/jackson-annotations-2.10.1.jar:/Users/Madhu/.m2/repository/com/fasterxml/jackson/core/jackson-core/2.10.1/jackson-core-2.10.1.jar:/Users/Madhu/.m2/repository/org/springframework/spring-context/5.2.2.RELEASE/spring-context-5.2.2.RELEASE.jar:/Users/Madhu/.m2/repository/com/fasterxml/jackson/datatype/jackson-datatype-jsr310/2.10.1/jackson-datatype-jsr310-2.10.1.jar:/Users/Madhu/.m2/repository/io/micrometer/micrometer-core/1.3.1/micrometer-core-1.3.1.jar:/Users/Madhu/.m2/repository/org/hdrhistogram/HdrHistogram/2.1.11/HdrHistogram-2.1.11.jar:/Users/Madhu/.m2/repository/org/latencyutils/LatencyUtils/2.0.3/LatencyUtils-2.0.3.jar:/Users/Madhu/.m2/repository/org/springframework/boot/spring-boot-starter-data-jpa/2.2.2.RELEASE/spring-boot-starter-data-jpa-2.2.2.RELEASE.jar:/Users/Madhu/.m2/repository/org/springframework/boot/spring-boot-starter-aop/2.2.2.RELEASE/spring-boot-starter-aop-2.2.2.RELEASE.jar:/Users/Madhu/.m2/repository/org/springframework/spring-aop/5.2.2.RELEASE/spring-aop-5.2.2.RELEASE.jar:/Users/Madhu/.m2/repository/org/aspectj/aspectjweaver/1.9.5/aspectjweaver-1.9.5.jar:/Users/Madhu/.m2/repository/org/springframework/boot/spring-boot-starter-jdbc/2.2.2.RELEASE/spring-boot-starter-jdbc-2.2.2.RELEASE.jar:/Users/Madhu/.m2/repository/com/zaxxer/HikariCP/3.4.1/HikariCP-3.4.1.jar:/Users/Madhu/.m2/repository/org/springframework/spring-jdbc/5.2.2.RELEASE/spring-jdbc-5.2.2.RELEASE.jar:/Users/Madhu/.m2/repository/jakarta/activation/jakarta.activation-api/1.2.1/jakarta.activation-api-1.2.1.jar:/Users/Madhu/.m2/repository/jakarta/persistence/jakarta.persistence-api/2.2.3/jakarta.persistence-api-2.2.3.jar:/Users/Madhu/.m2/repository/jakarta/transaction/jakarta.transaction-api/1.3.3/jakarta.transaction-api-1.3.3.jar:/Users/Madhu/.m2/repository/org/hibernate/hibernate-core/5.4.9.Final/hibernate-core-5.4.9.Final.jar:/Users/Madhu/.m2/repository/org/jboss/logging/jboss-logging/3.4.1.Final/jboss-logging-3.4.1.Final.jar:/Users/Madhu/.m2/repository/org/javassist/javassist/3.24.0-GA/javassist-3.24.0-GA.jar:/Users/Madhu/.m2/repository/net/bytebuddy/byte-buddy/1.10.4/byte-buddy-1.10.4.jar:/Users/Madhu/.m2/repository/antlr/antlr/2.7.7/antlr-2.7.7.jar:/Users/Madhu/.m2/repository/org/jboss/jandex/2.1.1.Final/jandex-2.1.1.Final.jar:/Users/Madhu/.m2/repository/com/fasterxml/classmate/1.5.1/classmate-1.5.1.jar:/Users/Madhu/.m2/repository/org/dom4j/dom4j/2.1.1/dom4j-2.1.1.jar:/Users/Madhu/.m2/repository/org/hibernate/common/hibernate-commons-annotations/5.1.0.Final/hibernate-commons-annotations-5.1.0.Final.jar:/Users/Madhu/.m2/repository/org/glassfish/jaxb/jaxb-runtime/2.3.2/jaxb-runtime-2.3.2.jar:/Users/Madhu/.m2/repository/org/glassfish/jaxb/txw2/2.3.2/txw2-2.3.2.jar:/Users/Madhu/.m2/repository/com/sun/istack/istack-commons-runtime/3.0.8/istack-commons-runtime-3.0.8.jar:/Users/Madhu/.m2/repository/org/jvnet/staxex/stax-ex/1.8.1/stax-ex-1.8.1.jar:/Users/Madhu/.m2/repository/com/sun/xml/fastinfoset/FastInfoset/1.2.16/FastInfoset-1.2.16.jar:/Users/Madhu/.m2/repository/org/springframework/data/spring-data-jpa/2.2.3.RELEASE/spring-data-jpa-2.2.3.RELEASE.jar:/Users/Madhu/.m2/repository/org/springframework/data/spring-data-commons/2.2.3.RELEASE/spring-data-commons-2.2.3.RELEASE.jar:/Users/Madhu/.m2/repository/org/springframework/spring-orm/5.2.2.RELEASE/spring-orm-5.2.2.RELEASE.jar:/Users/Madhu/.m2/repository/org/springframework/spring-tx/5.2.2.RELEASE/spring-tx-5.2.2.RELEASE.jar:/Users/Madhu/.m2/repository/org/springframework/spring-beans/5.2.2.RELEASE/spring-beans-5.2.2.RELEASE.jar:/Users/Madhu/.m2/repository/org/slf4j/slf4j-api/1.7.29/slf4j-api-1.7.29.jar:/Users/Madhu/.m2/repository/org/springframework/spring-aspects/5.2.2.RELEASE/spring-aspects-5.2.2.RELEASE.jar:/Users/Madhu/.m2/repository/org/springframework/boot/spring-boot-starter-web/2.2.2.RELEASE/spring-boot-starter-web-2.2.2.RELEASE.jar:/Users/Madhu/.m2/repository/org/springframework/boot/spring-boot-starter-json/2.2.2.RELEASE/spring-boot-starter-json-2.2.2.RELEASE.jar:/Users/Madhu/.m2/repository/com/fasterxml/jackson/datatype/jackson-datatype-jdk8/2.10.1/jackson-datatype-jdk8-2.10.1.jar:/Users/Madhu/.m2/repository/com/fasterxml/jackson/module/jackson-module-parameter-names/2.10.1/jackson-module-parameter-names-2.10.1.jar:/Users/Madhu/.m2/repository/org/springframework/boot/spring-boot-starter-tomcat/2.2.2.RELEASE/spring-boot-starter-tomcat-2.2.2.RELEASE.jar:/Users/Madhu/.m2/repository/org/apache/tomcat/embed/tomcat-embed-core/9.0.29/tomcat-embed-core-9.0.29.jar:/Users/Madhu/.m2/repository/org/apache/tomcat/embed/tomcat-embed-el/9.0.29/tomcat-embed-el-9.0.29.jar:/Users/Madhu/.m2/repository/org/apache/tomcat/embed/tomcat-embed-websocket/9.0.29/tomcat-embed-websocket-9.0.29.jar:/Users/Madhu/.m2/repository/org/springframework/boot/spring-boot-starter-validation/2.2.2.RELEASE/spring-boot-starter-validation-2.2.2.RELEASE.jar:/Users/Madhu/.m2/repository/jakarta/validation/jakarta.validation-api/2.0.1/jakarta.validation-api-2.0.1.jar:/Users/Madhu/.m2/repository/org/hibernate/validator/hibernate-validator/6.0.18.Final/hibernate-validator-6.0.18.Final.jar:/Users/Madhu/.m2/repository/org/springframework/spring-web/5.2.2.RELEASE/spring-web-5.2.2.RELEASE.jar:/Users/Madhu/.m2/repository/org/springframework/spring-webmvc/5.2.2.RELEASE/spring-webmvc-5.2.2.RELEASE.jar:/Users/Madhu/.m2/repository/org/springframework/spring-expression/5.2.2.RELEASE/spring-expression-5.2.2.RELEASE.jar:/Users/Madhu/.m2/repository/de/codecentric/spring-boot-admin-starter-server/2.2.1/spring-boot-admin-starter-server-2.2.1.jar:/Users/Madhu/.m2/repository/de/codecentric/spring-boot-admin-server/2.2.1/spring-boot-admin-server-2.2.1.jar:/Users/Madhu/.m2/repository/org/springframework/boot/spring-boot-starter-webflux/2.2.2.RELEASE/spring-boot-starter-webflux-2.2.2.RELEASE.jar:/Users/Madhu/.m2/repository/org/springframework/boot/spring-boot-starter-reactor-netty/2.2.2.RELEASE/spring-boot-starter-reactor-netty-2.2.2.RELEASE.jar:/Users/Madhu/.m2/repository/io/projectreactor/netty/reactor-netty/0.9.2.RELEASE/reactor-netty-0.9.2.RELEASE.jar:/Users/Madhu/.m2/repository/io/netty/netty-codec-http/4.1.43.Final/netty-codec-http-4.1.43.Final.jar:/Users/Madhu/.m2/repository/io/netty/netty-common/4.1.43.Final/netty-common-4.1.43.Final.jar:/Users/Madhu/.m2/repository/io/netty/netty-buffer/4.1.43.Final/netty-buffer-4.1.43.Final.jar:/Users/Madhu/.m2/repository/io/netty/netty-transport/4.1.43.Final/netty-transport-4.1.43.Final.jar:/Users/Madhu/.m2/repository/io/netty/netty-resolver/4.1.43.Final/netty-resolver-4.1.43.Final.jar:/Users/Madhu/.m2/repository/io/netty/netty-codec/4.1.43.Final/netty-codec-4.1.43.Final.jar:/Users/Madhu/.m2/repository/io/netty/netty-codec-http2/4.1.43.Final/netty-codec-http2-4.1.43.Final.jar:/Users/Madhu/.m2/repository/io/netty/netty-handler/4.1.43.Final/netty-handler-4.1.43.Final.jar:/Users/Madhu/.m2/repository/io/netty/netty-handler-proxy/4.1.43.Final/netty-handler-proxy-4.1.43.Final.jar:/Users/Madhu/.m2/repository/io/netty/netty-codec-socks/4.1.43.Final/netty-codec-socks-4.1.43.Final.jar:/Users/Madhu/.m2/repository/io/netty/netty-transport-native-epoll/4.1.43.Final/netty-transport-native-epoll-4.1.43.Final-linux-x86_64.jar:/Users/Madhu/.m2/repository/io/netty/netty-transport-native-unix-common/4.1.43.Final/netty-transport-native-unix-common-4.1.43.Final.jar:/Users/Madhu/.m2/repository/org/glassfish/jakarta.el/3.0.3/jakarta.el-3.0.3.jar:/Users/Madhu/.m2/repository/org/springframework/spring-webflux/5.2.2.RELEASE/spring-webflux-5.2.2.RELEASE.jar:/Users/Madhu/.m2/repository/org/synchronoss/cloud/nio-multipart-parser/1.1.0/nio-multipart-parser-1.1.0.jar:/Users/Madhu/.m2/repository/org/synchronoss/cloud/nio-stream-storage/1.1.3/nio-stream-storage-1.1.3.jar:/Users/Madhu/.m2/repository/org/springframework/boot/spring-boot-starter-thymeleaf/2.2.2.RELEASE/spring-boot-starter-thymeleaf-2.2.2.RELEASE.jar:/Users/Madhu/.m2/repository/org/thymeleaf/thymeleaf-spring5/3.0.11.RELEASE/thymeleaf-spring5-3.0.11.RELEASE.jar:/Users/Madhu/.m2/repository/org/thymeleaf/thymeleaf/3.0.11.RELEASE/thymeleaf-3.0.11.RELEASE.jar:/Users/Madhu/.m2/repository/org/attoparser/attoparser/2.0.5.RELEASE/attoparser-2.0.5.RELEASE.jar:/Users/Madhu/.m2/repository/org/unbescape/unbescape/1.1.6.RELEASE/unbescape-1.1.6.RELEASE.jar:/Users/Madhu/.m2/repository/org/thymeleaf/extras/thymeleaf-extras-java8time/3.0.4.RELEASE/thymeleaf-extras-java8time-3.0.4.RELEASE.jar:/Users/Madhu/.m2/repository/io/projectreactor/addons/reactor-extra/3.3.1.RELEASE/reactor-extra-3.3.1.RELEASE.jar:/Users/Madhu/.m2/repository/io/projectreactor/reactor-core/3.3.1.RELEASE/reactor-core-3.3.1.RELEASE.jar:/Users/Madhu/.m2/repository/org/reactivestreams/reactive-streams/1.0.3/reactive-streams-1.0.3.jar:/Users/Madhu/.m2/repository/de/codecentric/spring-boot-admin-server-ui/2.2.1/spring-boot-admin-server-ui-2.2.1.jar:/Users/Madhu/.m2/repository/de/codecentric/spring-boot-admin-server-cloud/2.2.1/spring-boot-admin-server-cloud-2.2.1.jar:/Users/Madhu/.m2/repository/org/springframework/boot/spring-boot-devtools/2.2.2.RELEASE/spring-boot-devtools-2.2.2.RELEASE.jar:/Users/Madhu/.m2/repository/org/springframework/boot/spring-boot/2.2.2.RELEASE/spring-boot-2.2.2.RELEASE.jar:/Users/Madhu/.m2/repository/org/springframework/boot/spring-boot-autoconfigure/2.2.2.RELEASE/spring-boot-autoconfigure-2.2.2.RELEASE.jar:/Users/Madhu/.m2/repository/com/h2database/h2/1.4.199/h2-1.4.199.jar:/Users/Madhu/.m2/repository/org/projectlombok/lombok/1.18.10/lombok-1.18.10.jar:/Users/Madhu/.m2/repository/org/springframework/boot/spring-boot-starter-test/2.2.2.RELEASE/spring-boot-starter-test-2.2.2.RELEASE.jar:/Users/Madhu/.m2/repository/org/springframework/boot/spring-boot-test/2.2.2.RELEASE/spring-boot-test-2.2.2.RELEASE.jar:/Users/Madhu/.m2/repository/org/springframework/boot/spring-boot-test-autoconfigure/2.2.2.RELEASE/spring-boot-test-autoconfigure-2.2.2.RELEASE.jar:/Users/Madhu/.m2/repository/com/jayway/jsonpath/json-path/2.4.0/json-path-2.4.0.jar:/Users/Madhu/.m2/repository/net/minidev/json-smart/2.3/json-smart-2.3.jar:/Users/Madhu/.m2/repository/net/minidev/accessors-smart/1.2/accessors-smart-1.2.jar:/Users/Madhu/.m2/repository/org/ow2/asm/asm/5.0.4/asm-5.0.4.jar:/Users/Madhu/.m2/repository/jakarta/xml/bind/jakarta.xml.bind-api/2.3.2/jakarta.xml.bind-api-2.3.2.jar:/Users/Madhu/.m2/repository/org/junit/jupiter/junit-jupiter/5.5.2/junit-jupiter-5.5.2.jar:/Users/Madhu/.m2/repository/org/junit/jupiter/junit-jupiter-api/5.5.2/junit-jupiter-api-5.5.2.jar:/Users/Madhu/.m2/repository/org/apiguardian/apiguardian-api/1.1.0/apiguardian-api-1.1.0.jar:/Users/Madhu/.m2/repository/org/opentest4j/opentest4j/1.2.0/opentest4j-1.2.0.jar:/Users/Madhu/.m2/repository/org/junit/platform/junit-platform-commons/1.5.2/junit-platform-commons-1.5.2.jar:/Users/Madhu/.m2/repository/org/junit/jupiter/junit-jupiter-params/5.5.2/junit-jupiter-params-5.5.2.jar:/Users/Madhu/.m2/repository/org/junit/jupiter/junit-jupiter-engine/5.5.2/junit-jupiter-engine-5.5.2.jar:/Users/Madhu/.m2/repository/org/junit/platform/junit-platform-engine/1.5.2/junit-platform-engine-1.5.2.jar:/Users/Madhu/.m2/repository/org/mockito/mockito-junit-jupiter/3.1.0/mockito-junit-jupiter-3.1.0.jar:/Users/Madhu/.m2/repository/org/assertj/assertj-core/3.13.2/assertj-core-3.13.2.jar:/Users/Madhu/.m2/repository/org/hamcrest/hamcrest/2.1/hamcrest-2.1.jar:/Users/Madhu/.m2/repository/org/mockito/mockito-core/3.1.0/mockito-core-3.1.0.jar:/Users/Madhu/.m2/repository/net/bytebuddy/byte-buddy-agent/1.10.4/byte-buddy-agent-1.10.4.jar:/Users/Madhu/.m2/repository/org/objenesis/objenesis/2.6/objenesis-2.6.jar:/Users/Madhu/.m2/repository/org/skyscreamer/jsonassert/1.5.0/jsonassert-1.5.0.jar:/Users/Madhu/.m2/repository/com/vaadin/external/google/android-json/0.0.20131108.vaadin1/android-json-0.0.20131108.vaadin1.jar:/Users/Madhu/.m2/repository/org/springframework/spring-core/5.2.2.RELEASE/spring-core-5.2.2.RELEASE.jar:/Users/Madhu/.m2/repository/org/springframework/spring-jcl/5.2.2.RELEASE/spring-jcl-5.2.2.RELEASE.jar:/Users/Madhu/.m2/repository/org/springframework/spring-test/5.2.2.RELEASE/spring-test-5.2.2.RELEASE.jar:/Users/Madhu/.m2/repository/org/xmlunit/xmlunit-core/2.6.3/xmlunit-core-2.6.3.jar:"/>
    <property name="sun.cpu.endian" value="little"/>
    <property name="user.home" value="/Users/Madhu"/>
    <property name="user.language" value="en"/>
    <property name="java.specification.vendor" value="Oracle Corporation"/>
    <property name="java.version.date" value="2019-07-16"/>
    <property name="java.home" value="/Library/Java/JavaVirtualMachines/openjdk12/Contents/Home"/>
    <property name="file.separator" value="/"/>
    <property name="basedir" value="/Users/Madhu/GitProjects/TasksApplication"/>
    <property name="java.vm.compressedOopsMode" value="Zero based"/>
    <property name="line.separator" value="&#10;"/>
    <property name="java.vm.specification.vendor" value="Oracle Corporation"/>
    <property name="java.specification.name" value="Java Platform API Specification"/>
    <property name="java.awt.graphicsenv" value="sun.awt.CGraphicsEnvironment"/>
    <property name="surefire.real.class.path" value="/Users/Madhu/GitProjects/TasksApplication/target/surefire/surefirebooter13073168490815850307.jar"/>
    <property name="sun.management.compiler" value="HotSpot 64-Bit Tiered Compilers"/>
    <property name="ftp.nonProxyHosts" value="local|*.local|169.254/16|*.169.254/16"/>
    <property name="java.runtime.version" value="12.0.2+10"/>
    <property name="user.name" value="Madhu"/>
    <property name="path.separator" value=":"/>
    <property name="os.version" value="10.13.6"/>
    <property name="java.runtime.name" value="OpenJDK Runtime Environment"/>
    <property name="file.encoding" value="UTF-8"/>
    <property name="java.vm.name" value="OpenJDK 64-Bit Server VM"/>
    <property name="java.vendor.version" value="AdoptOpenJDK"/>
    <property name="localRepository" value="/Users/Madhu/.m2/repository"/>
    <property name="java.vendor.url.bug" value="https://github.com/AdoptOpenJDK/openjdk-build/issues"/>
    <property name="java.io.tmpdir" value="/var/folders/63/5h644nhx4bng8g95mlk81r7c0000gn/T/"/>
    <property name="java.version" value="12.0.2"/>
    <property name="user.dir" value="/Users/Madhu/GitProjects/TasksApplication"/>
    <property name="os.arch" value="x86_64"/>
    <property name="java.vm.specification.name" value="Java Virtual Machine Specification"/>
    <property name="java.library.path" value="/Users/Madhu/Library/Java/Extensions:/Library/Java/Extensions:/Network/Library/Java/Extensions:/System/Library/Java/Extensions:/usr/lib/java:."/>
    <property name="java.vm.info" value="mixed mode, sharing"/>
    <property name="java.vendor" value="AdoptOpenJDK"/>
    <property name="java.vm.version" value="12.0.2+10"/>
    <property name="sun.io.unicode.encoding" value="UnicodeBig"/>
    <property name="socksNonProxyHosts" value="local|*.local|169.254/16|*.169.254/16"/>
    <property name="java.class.version" value="56.0"/>
  </properties>
  <testcase name="contextLoads" classname="com.madhu.spring.tasks.TasksApplicationTests" time="0.512"/>
</testsuite>